<?xml version="1.0" encoding="UTF-8"?>
<!-- Generated by org.testng.reporters.JUnitReportReporter -->
<testsuite skipped="0" hostname="DESKTOP-KUVK3PK" name="testScripts.PlaceOrderTest" tests="1" failures="0" timestamp="2023-03-06T23:07:11 IST" time="5.543" errors="0">
  <testcase name="addItemtoCart" time="5.543" classname="testScripts.PlaceOrderTest"/>
  <system-out/>
</testsuite> <!-- testScripts.PlaceOrderTest -->
